<?xml version="1.0" encoding="UTF-8"?>
<!-- Generated by org.testng.reporters.JUnitReportReporter -->
<testsuite skipped="0" hostname="LAPTOP-6G08F8AE" name="Maven.Mavenjava.RestAPITest" tests="2" failures="0" timestamp="2021-04-05T12:31:28 IST" time="0.001" errors="0">
  <testcase name="deleteTwitter" time="0.001" classname="Maven.Mavenjava.RestAPITest"/>
  <system-out/>
  <testcase name="postJira" time="0.000" classname="Maven.Mavenjava.RestAPITest"/>
  <system-out/>
</testsuite> <!-- Maven.Mavenjava.RestAPITest -->
