<?xml version="1.0" encoding="UTF-8"?>
<!-- Generated by org.testng.reporters.JUnitReportReporter -->
<testsuite skipped="0" hostname="LAPTOP-6G08F8AE" name="Maven.Mavenjava.AppiumTest" tests="2" failures="0" timestamp="2021-04-05T12:31:28 IST" time="0.009" errors="0">
  <testcase name="Android" time="0.009" classname="Maven.Mavenjava.AppiumTest"/>
  <system-out/>
  <testcase name="IOS" time="0.000" classname="Maven.Mavenjava.AppiumTest"/>
  <system-out/>
</testsuite> <!-- Maven.Mavenjava.AppiumTest -->
