<?xml version="1.0" encoding="UTF-8"?>
<!-- Generated by org.testng.reporters.JUnitReportReporter -->
<testsuite skipped="0" hostname="LAPTOP-6G08F8AE" name="Maven.Mavenjava.SeleniumTest" tests="2" failures="0" timestamp="2021-04-05T12:31:28 IST" time="0.002" errors="0">
  <testcase name="BrowserAutomation" time="0.001" classname="Maven.Mavenjava.SeleniumTest"/>
  <system-out/>
  <testcase name="Elements" time="0.001" classname="Maven.Mavenjava.SeleniumTest"/>
  <system-out/>
</testsuite> <!-- Maven.Mavenjava.SeleniumTest -->
